<?xml version="1.0" encoding="UTF-8"?>
<!-- Generated by org.testng.reporters.JUnitReportReporter -->
<testsuite hostname="Harrys-MacBook-Pro.local" failures="0" tests="2" name="testcases.LoginTest" time="14.538" errors="0" timestamp="2020-11-07T21:51:04 ICT" skipped="0">
  <testcase classname="testcases.LoginTest" name="withValidCredentials" time="7.915"/>
  <system-out/>
  <testcase classname="testcases.LoginTest" name="withValidCredentials" time="6.623"/>
  <system-out/>
</testsuite> <!-- testcases.LoginTest -->
